Determining if the pthread_create exist failed with the following output:
Change Dir: /home/eduponz/B212_P1_ROB16/build/catkin_tools_prebuild/CMakeFiles/CMakeTmp

Run Build Command:"/usr/bin/make" "cmTC_bfe4f/fast"
/usr/bin/make -f CMakeFiles/cmTC_bfe4f.dir/build.make CMakeFiles/cmTC_bfe4f.dir/build
make[1]: Entering directory '/home/eduponz/B212_P1_ROB16/build/catkin_tools_prebuild/CMakeFiles/CMakeTmp'
Building C object CMakeFiles/cmTC_bfe4f.dir/CheckSymbolExists.c.o
/usr/bin/cc     -o CMakeFiles/cmTC_bfe4f.dir/CheckSymbolExists.c.o   -c /home/eduponz/B212_P1_ROB16/build/catkin_tools_prebuild/CMakeFiles/CMakeTmp/CheckSymbolExists.c
Linking C executable cmTC_bfe4f
/usr/bin/cmake -E cmake_link_script CMakeFiles/cmTC_bfe4f.dir/link.txt --verbose=1
/usr/bin/cc       CMakeFiles/cmTC_bfe4f.dir/CheckSymbolExists.c.o  -o cmTC_bfe4f -rdynamic 
CMakeFiles/cmTC_bfe4f.dir/CheckSymbolExists.c.o: In function `main':
CheckSymbolExists.c:(.text+0x16): undefined reference to `pthread_create'
collect2: error: ld returned 1 exit status
CMakeFiles/cmTC_bfe4f.dir/build.make:97: recipe for target 'cmTC_bfe4f' failed
make[1]: *** [cmTC_bfe4f] Error 1
make[1]: Leaving directory '/home/eduponz/B212_P1_ROB16/build/catkin_tools_prebuild/CMakeFiles/CMakeTmp'
Makefile:126: recipe for target 'cmTC_bfe4f/fast' failed
make: *** [cmTC_bfe4f/fast] Error 2

File /home/eduponz/B212_P1_ROB16/build/catkin_tools_prebuild/CMakeFiles/CMakeTmp/CheckSymbolExists.c:
/* */
#include <pthread.h>

int main(int argc, char** argv)
{
  (void)argv;
#ifndef pthread_create
  return ((int*)(&pthread_create))[argc];
#else
  (void)argc;
  return 0;
#endif
}

Determining if the function pthread_create exists in the pthreads failed with the following output:
Change Dir: /home/eduponz/B212_P1_ROB16/build/catkin_tools_prebuild/CMakeFiles/CMakeTmp

Run Build Command:"/usr/bin/make" "cmTC_1099e/fast"
/usr/bin/make -f CMakeFiles/cmTC_1099e.dir/build.make CMakeFiles/cmTC_1099e.dir/build
make[1]: Entering directory '/home/eduponz/B212_P1_ROB16/build/catkin_tools_prebuild/CMakeFiles/CMakeTmp'
Building C object CMakeFiles/cmTC_1099e.dir/CheckFunctionExists.c.o
/usr/bin/cc    -DCHECK_FUNCTION_EXISTS=pthread_create   -o CMakeFiles/cmTC_1099e.dir/CheckFunctionExists.c.o   -c /usr/share/cmake-3.5/Modules/CheckFunctionExists.c
Linking C executable cmTC_1099e
/usr/bin/cmake -E cmake_link_script CMakeFiles/cmTC_1099e.dir/link.txt --verbose=1
/usr/bin/cc   -DCHECK_FUNCTION_EXISTS=pthread_create    CMakeFiles/cmTC_1099e.dir/CheckFunctionExists.c.o  -o cmTC_1099e -rdynamic -lpthreads 
/usr/bin/ld: cannot find -lpthreads
collect2: error: ld returned 1 exit status
CMakeFiles/cmTC_1099e.dir/build.make:97: recipe for target 'cmTC_1099e' failed
make[1]: *** [cmTC_1099e] Error 1
make[1]: Leaving directory '/home/eduponz/B212_P1_ROB16/build/catkin_tools_prebuild/CMakeFiles/CMakeTmp'
Makefile:126: recipe for target 'cmTC_1099e/fast' failed
make: *** [cmTC_1099e/fast] Error 2


