Determining if the pthread_create exist failed with the following output:
Change Dir: /home/eduponz/B212_P1_ROB16/build/b212_p1_rob16_pkg/CMakeFiles/CMakeTmp

Run Build Command:"/usr/bin/make" "cmTC_77871/fast"
/usr/bin/make -f CMakeFiles/cmTC_77871.dir/build.make CMakeFiles/cmTC_77871.dir/build
make[1]: Entering directory '/home/eduponz/B212_P1_ROB16/build/b212_p1_rob16_pkg/CMakeFiles/CMakeTmp'
Building C object CMakeFiles/cmTC_77871.dir/CheckSymbolExists.c.o
/usr/bin/cc     -o CMakeFiles/cmTC_77871.dir/CheckSymbolExists.c.o   -c /home/eduponz/B212_P1_ROB16/build/b212_p1_rob16_pkg/CMakeFiles/CMakeTmp/CheckSymbolExists.c
Linking C executable cmTC_77871
/usr/bin/cmake -E cmake_link_script CMakeFiles/cmTC_77871.dir/link.txt --verbose=1
/usr/bin/cc       CMakeFiles/cmTC_77871.dir/CheckSymbolExists.c.o  -o cmTC_77871 -rdynamic 
CMakeFiles/cmTC_77871.dir/CheckSymbolExists.c.o: In function `main':
CheckSymbolExists.c:(.text+0x16): undefined reference to `pthread_create'
collect2: error: ld returned 1 exit status
CMakeFiles/cmTC_77871.dir/build.make:97: recipe for target 'cmTC_77871' failed
make[1]: *** [cmTC_77871] Error 1
make[1]: Leaving directory '/home/eduponz/B212_P1_ROB16/build/b212_p1_rob16_pkg/CMakeFiles/CMakeTmp'
Makefile:126: recipe for target 'cmTC_77871/fast' failed
make: *** [cmTC_77871/fast] Error 2

File /home/eduponz/B212_P1_ROB16/build/b212_p1_rob16_pkg/CMakeFiles/CMakeTmp/CheckSymbolExists.c:
/* */
#include <pthread.h>

int main(int argc, char** argv)
{
  (void)argv;
#ifndef pthread_create
  return ((int*)(&pthread_create))[argc];
#else
  (void)argc;
  return 0;
#endif
}

Determining if the function pthread_create exists in the pthreads failed with the following output:
Change Dir: /home/eduponz/B212_P1_ROB16/build/b212_p1_rob16_pkg/CMakeFiles/CMakeTmp

Run Build Command:"/usr/bin/make" "cmTC_0312a/fast"
/usr/bin/make -f CMakeFiles/cmTC_0312a.dir/build.make CMakeFiles/cmTC_0312a.dir/build
make[1]: Entering directory '/home/eduponz/B212_P1_ROB16/build/b212_p1_rob16_pkg/CMakeFiles/CMakeTmp'
Building C object CMakeFiles/cmTC_0312a.dir/CheckFunctionExists.c.o
/usr/bin/cc    -DCHECK_FUNCTION_EXISTS=pthread_create   -o CMakeFiles/cmTC_0312a.dir/CheckFunctionExists.c.o   -c /usr/share/cmake-3.5/Modules/CheckFunctionExists.c
Linking C executable cmTC_0312a
/usr/bin/cmake -E cmake_link_script CMakeFiles/cmTC_0312a.dir/link.txt --verbose=1
/usr/bin/cc   -DCHECK_FUNCTION_EXISTS=pthread_create    CMakeFiles/cmTC_0312a.dir/CheckFunctionExists.c.o  -o cmTC_0312a -rdynamic -lpthreads 
/usr/bin/ld: cannot find -lpthreads
collect2: error: ld returned 1 exit status
CMakeFiles/cmTC_0312a.dir/build.make:97: recipe for target 'cmTC_0312a' failed
make[1]: *** [cmTC_0312a] Error 1
make[1]: Leaving directory '/home/eduponz/B212_P1_ROB16/build/b212_p1_rob16_pkg/CMakeFiles/CMakeTmp'
Makefile:126: recipe for target 'cmTC_0312a/fast' failed
make: *** [cmTC_0312a/fast] Error 2


