[  0%] Built target _nodes_generate_messages_check_deps_Point
[  0%] Built target _nodes_generate_messages_check_deps_PointStamped
[  0%] Built target geometry_msgs_generate_messages_cpp
[  0%] Built target std_msgs_generate_messages_cpp
[  0%] Built target std_msgs_generate_messages_eus
[35m[1mScanning dependencies of target move_to_point[0m
[  0%] Built target geometry_msgs_generate_messages_eus
[  5%] [32mBuilding CXX object CMakeFiles/move_to_point.dir/src/move_to_point.cpp.o[0m
[  5%] Built target std_msgs_generate_messages_py
[  5%] Built target geometry_msgs_generate_messages_py
[  5%] Built target std_msgs_generate_messages_lisp
[  5%] Built target geometry_msgs_generate_messages_lisp
[  5%] Built target geometry_msgs_generate_messages_nodejs
[  5%] Built target std_msgs_generate_messages_nodejs
[ 11%] [34m[1mGenerating C++ code from nodes/PointStamped.msg[0m
[ 16%] [34m[1mGenerating C++ code from nodes/Point.msg[0m
[ 16%] Built target nodes_generate_messages_cpp
[ 22%] [34m[1mGenerating EusLisp code from nodes/PointStamped.msg[0m
[ 27%] [34m[1mGenerating EusLisp code from nodes/Point.msg[0m
[ 33%] Built target nodes_generate_messages_eus
[ 38%] [34m[1mGenerating Python from MSG nodes/PointStamped[0m
[ 44%] [34m[1mGenerating Python from MSG nodes/Point[0m
[ 50%] [34m[1mGenerating Python msg __init__.py for nodes[0m
[ 50%] Built target nodes_generate_messages_py
[ 55%] [34m[1mGenerating Lisp code from nodes/PointStamped.msg[0m
[ 61%] [34m[1mGenerating Lisp code from nodes/Point.msg[0m
[ 61%] Built target nodes_generate_messages_lisp
[ 66%] [34m[1mGenerating Javascript code from nodes/PointStamped.msg[0m
[ 72%] [34m[1mGenerating Javascript code from nodes/Point.msg[0m
[ 72%] Built target nodes_generate_messages_nodejs
[35m[1mScanning dependencies of target interface[0m
[ 77%] [32mBuilding CXX object CMakeFiles/interface.dir/src/interface.cpp.o[0m
[01m[K/home/eduponz/B212_P1_ROB16/src/nodes/src/interface.cpp:25:21:[m[K [01;35m[Kwarning: [m[Knon-static data member initializers only available with -std=c++11 or -std=gnu++11
     float inputx = -4.43;
[01;32m[K                     ^[m[K
[01m[K/home/eduponz/B212_P1_ROB16/src/nodes/src/interface.cpp:26:21:[m[K [01;35m[Kwarning: [m[Knon-static data member initializers only available with -std=c++11 or -std=gnu++11
     float inputy = -1.1;
[01;32m[K                     ^[m[K
[01m[K/home/eduponz/B212_P1_ROB16/src/nodes/src/interface.cpp:28:23:[m[K [01;35m[Kwarning: [m[Knon-static data member initializers only available with -std=c++11 or -std=gnu++11
     float shippingx = 0.621;
[01;32m[K                       ^[m[K
[01m[K/home/eduponz/B212_P1_ROB16/src/nodes/src/interface.cpp:29:24:[m[K [01;35m[Kwarning: [m[Knon-static data member initializers only available with -std=c++11 or -std=gnu++11
     float shippingy = -1.86;
[01;32m[K                        ^[m[K
[01m[K/home/eduponz/B212_P1_ROB16/src/nodes/src/interface.cpp:31:21:[m[K [01;35m[Kwarning: [m[Knon-static data member initializers only available with -std=c++11 or -std=gnu++11
     float aislex = -0.889;
[01;32m[K                     ^[m[K
[01m[K/home/eduponz/B212_P1_ROB16/src/nodes/src/interface.cpp:32:21:[m[K [01;35m[Kwarning: [m[Knon-static data member initializers only available with -std=c++11 or -std=gnu++11
     float aisley = -1.2;
[01;32m[K                     ^[m[K
[01m[K/home/eduponz/B212_P1_ROB16/src/nodes/src/interface.cpp:34:19:[m[K [01;35m[Kwarning: [m[Knon-static data member initializers only available with -std=c++11 or -std=gnu++11
     string task = "";
[01;32m[K                   ^[m[K
[01m[K/home/eduponz/B212_P1_ROB16/src/nodes/src/interface.cpp:35:27:[m[K [01;35m[Kwarning: [m[Knon-static data member initializers only available with -std=c++11 or -std=gnu++11
     string robot_choice = "";
[01;32m[K                           ^[m[K
[ 83%] [32m[1mLinking CXX executable /home/eduponz/B212_P1_ROB16/devel/.private/nodes/lib/nodes/interface[0m
[ 88%] [32m[1mLinking CXX executable /home/eduponz/B212_P1_ROB16/devel/.private/nodes/lib/nodes/move_to_point[0m
[ 88%] Built target interface
[35m[1mScanning dependencies of target lognode[0m
[ 88%] Built target move_to_point
[ 94%] [32mBuilding CXX object CMakeFiles/lognode.dir/src/lognode.cpp.o[0m
[ 94%] Built target nodes_generate_messages
[100%] [32m[1mLinking CXX executable /home/eduponz/B212_P1_ROB16/devel/.private/nodes/lib/nodes/lognode[0m
[100%] Built target lognode
