Linked: (/home/eduponz/B212_P1_ROB16/devel/.private/nodes/share/common-lisp/ros/nodes/msg/_package_PointStamped.lisp, /home/eduponz/B212_P1_ROB16/devel/share/common-lisp/ros/nodes/msg/_package_PointStamped.lisp)
Linked: (/home/eduponz/B212_P1_ROB16/devel/.private/nodes/share/common-lisp/ros/nodes/msg/Point.lisp, /home/eduponz/B212_P1_ROB16/devel/share/common-lisp/ros/nodes/msg/Point.lisp)
Linked: (/home/eduponz/B212_P1_ROB16/devel/.private/nodes/share/common-lisp/ros/nodes/msg/nodes-msg.asd, /home/eduponz/B212_P1_ROB16/devel/share/common-lisp/ros/nodes/msg/nodes-msg.asd)
Linked: (/home/eduponz/B212_P1_ROB16/devel/.private/nodes/share/common-lisp/ros/nodes/msg/PointStamped.lisp, /home/eduponz/B212_P1_ROB16/devel/share/common-lisp/ros/nodes/msg/PointStamped.lisp)
Linked: (/home/eduponz/B212_P1_ROB16/devel/.private/nodes/share/common-lisp/ros/nodes/msg/_package.lisp, /home/eduponz/B212_P1_ROB16/devel/share/common-lisp/ros/nodes/msg/_package.lisp)
Linked: (/home/eduponz/B212_P1_ROB16/devel/.private/nodes/share/common-lisp/ros/nodes/msg/_package_Point.lisp, /home/eduponz/B212_P1_ROB16/devel/share/common-lisp/ros/nodes/msg/_package_Point.lisp)
Linked: (/home/eduponz/B212_P1_ROB16/devel/.private/nodes/share/nodes/cmake/nodes-msg-paths.cmake, /home/eduponz/B212_P1_ROB16/devel/share/nodes/cmake/nodes-msg-paths.cmake)
Linked: (/home/eduponz/B212_P1_ROB16/devel/.private/nodes/share/nodes/cmake/nodesConfig.cmake, /home/eduponz/B212_P1_ROB16/devel/share/nodes/cmake/nodesConfig.cmake)
Linked: (/home/eduponz/B212_P1_ROB16/devel/.private/nodes/share/nodes/cmake/nodesConfig-version.cmake, /home/eduponz/B212_P1_ROB16/devel/share/nodes/cmake/nodesConfig-version.cmake)
Linked: (/home/eduponz/B212_P1_ROB16/devel/.private/nodes/share/nodes/cmake/nodes-msg-extras.cmake, /home/eduponz/B212_P1_ROB16/devel/share/nodes/cmake/nodes-msg-extras.cmake)
Linked: (/home/eduponz/B212_P1_ROB16/devel/.private/nodes/share/gennodejs/ros/nodes/find.js, /home/eduponz/B212_P1_ROB16/devel/share/gennodejs/ros/nodes/find.js)
Linked: (/home/eduponz/B212_P1_ROB16/devel/.private/nodes/share/gennodejs/ros/nodes/base_deserialize.js, /home/eduponz/B212_P1_ROB16/devel/share/gennodejs/ros/nodes/base_deserialize.js)
Linked: (/home/eduponz/B212_P1_ROB16/devel/.private/nodes/share/gennodejs/ros/nodes/_index.js, /home/eduponz/B212_P1_ROB16/devel/share/gennodejs/ros/nodes/_index.js)
Linked: (/home/eduponz/B212_P1_ROB16/devel/.private/nodes/share/gennodejs/ros/nodes/base_serialize.js, /home/eduponz/B212_P1_ROB16/devel/share/gennodejs/ros/nodes/base_serialize.js)
Linked: (/home/eduponz/B212_P1_ROB16/devel/.private/nodes/share/gennodejs/ros/nodes/msg/_index.js, /home/eduponz/B212_P1_ROB16/devel/share/gennodejs/ros/nodes/msg/_index.js)
Linked: (/home/eduponz/B212_P1_ROB16/devel/.private/nodes/share/gennodejs/ros/nodes/msg/PointStamped.js, /home/eduponz/B212_P1_ROB16/devel/share/gennodejs/ros/nodes/msg/PointStamped.js)
Linked: (/home/eduponz/B212_P1_ROB16/devel/.private/nodes/share/gennodejs/ros/nodes/msg/Point.js, /home/eduponz/B212_P1_ROB16/devel/share/gennodejs/ros/nodes/msg/Point.js)
Linked: (/home/eduponz/B212_P1_ROB16/devel/.private/nodes/share/roseus/ros/nodes/manifest.l, /home/eduponz/B212_P1_ROB16/devel/share/roseus/ros/nodes/manifest.l)
Linked: (/home/eduponz/B212_P1_ROB16/devel/.private/nodes/share/roseus/ros/nodes/msg/PointStamped.l, /home/eduponz/B212_P1_ROB16/devel/share/roseus/ros/nodes/msg/PointStamped.l)
Linked: (/home/eduponz/B212_P1_ROB16/devel/.private/nodes/share/roseus/ros/nodes/msg/Point.l, /home/eduponz/B212_P1_ROB16/devel/share/roseus/ros/nodes/msg/Point.l)
Linked: (/home/eduponz/B212_P1_ROB16/devel/.private/nodes/lib/nodes/interface, /home/eduponz/B212_P1_ROB16/devel/lib/nodes/interface)
Linked: (/home/eduponz/B212_P1_ROB16/devel/.private/nodes/lib/nodes/lognode, /home/eduponz/B212_P1_ROB16/devel/lib/nodes/lognode)
Linked: (/home/eduponz/B212_P1_ROB16/devel/.private/nodes/lib/nodes/move_to_point, /home/eduponz/B212_P1_ROB16/devel/lib/nodes/move_to_point)
Linked: (/home/eduponz/B212_P1_ROB16/devel/.private/nodes/lib/pkgconfig/nodes.pc, /home/eduponz/B212_P1_ROB16/devel/lib/pkgconfig/nodes.pc)
Linked: (/home/eduponz/B212_P1_ROB16/devel/.private/nodes/lib/python2.7/dist-packages/nodes/__init__.py, /home/eduponz/B212_P1_ROB16/devel/lib/python2.7/dist-packages/nodes/__init__.py)
Linked: (/home/eduponz/B212_P1_ROB16/devel/.private/nodes/lib/python2.7/dist-packages/nodes/msg/__init__.py, /home/eduponz/B212_P1_ROB16/devel/lib/python2.7/dist-packages/nodes/msg/__init__.py)
Linked: (/home/eduponz/B212_P1_ROB16/devel/.private/nodes/lib/python2.7/dist-packages/nodes/msg/_PointStamped.py, /home/eduponz/B212_P1_ROB16/devel/lib/python2.7/dist-packages/nodes/msg/_PointStamped.py)
Linked: (/home/eduponz/B212_P1_ROB16/devel/.private/nodes/lib/python2.7/dist-packages/nodes/msg/_Point.py, /home/eduponz/B212_P1_ROB16/devel/lib/python2.7/dist-packages/nodes/msg/_Point.py)
Linked: (/home/eduponz/B212_P1_ROB16/devel/.private/nodes/include/nodes/Point.h, /home/eduponz/B212_P1_ROB16/devel/include/nodes/Point.h)
Linked: (/home/eduponz/B212_P1_ROB16/devel/.private/nodes/include/nodes/PointStamped.h, /home/eduponz/B212_P1_ROB16/devel/include/nodes/PointStamped.h)
