Symlinking /home/eduponz/B212_P1_ROB16/devel/share/common-lisp/ros/nodes/msg/_package_PointStamped.lisp
Symlinking /home/eduponz/B212_P1_ROB16/devel/share/common-lisp/ros/nodes/msg/Point.lisp
Symlinking /home/eduponz/B212_P1_ROB16/devel/share/common-lisp/ros/nodes/msg/nodes-msg.asd
Symlinking /home/eduponz/B212_P1_ROB16/devel/share/common-lisp/ros/nodes/msg/PointStamped.lisp
Symlinking /home/eduponz/B212_P1_ROB16/devel/share/common-lisp/ros/nodes/msg/_package.lisp
Symlinking /home/eduponz/B212_P1_ROB16/devel/share/common-lisp/ros/nodes/msg/_package_Point.lisp
Symlinking /home/eduponz/B212_P1_ROB16/devel/share/nodes/cmake/nodes-msg-paths.cmake
Symlinking /home/eduponz/B212_P1_ROB16/devel/share/nodes/cmake/nodesConfig.cmake
Symlinking /home/eduponz/B212_P1_ROB16/devel/share/nodes/cmake/nodesConfig-version.cmake
Symlinking /home/eduponz/B212_P1_ROB16/devel/share/nodes/cmake/nodes-msg-extras.cmake
Symlinking /home/eduponz/B212_P1_ROB16/devel/share/gennodejs/ros/nodes/find.js
Symlinking /home/eduponz/B212_P1_ROB16/devel/share/gennodejs/ros/nodes/base_deserialize.js
Symlinking /home/eduponz/B212_P1_ROB16/devel/share/gennodejs/ros/nodes/_index.js
Symlinking /home/eduponz/B212_P1_ROB16/devel/share/gennodejs/ros/nodes/base_serialize.js
Symlinking /home/eduponz/B212_P1_ROB16/devel/share/gennodejs/ros/nodes/msg/_index.js
Symlinking /home/eduponz/B212_P1_ROB16/devel/share/gennodejs/ros/nodes/msg/PointStamped.js
Symlinking /home/eduponz/B212_P1_ROB16/devel/share/gennodejs/ros/nodes/msg/Point.js
Symlinking /home/eduponz/B212_P1_ROB16/devel/share/roseus/ros/nodes/manifest.l
Symlinking /home/eduponz/B212_P1_ROB16/devel/share/roseus/ros/nodes/msg/PointStamped.l
Symlinking /home/eduponz/B212_P1_ROB16/devel/share/roseus/ros/nodes/msg/Point.l
Symlinking /home/eduponz/B212_P1_ROB16/devel/lib/nodes/interface
Symlinking /home/eduponz/B212_P1_ROB16/devel/lib/nodes/lognode
Symlinking /home/eduponz/B212_P1_ROB16/devel/lib/nodes/move_to_point
Symlinking /home/eduponz/B212_P1_ROB16/devel/lib/pkgconfig/nodes.pc
Symlinking /home/eduponz/B212_P1_ROB16/devel/lib/python2.7/dist-packages/nodes/__init__.py
Symlinking /home/eduponz/B212_P1_ROB16/devel/lib/python2.7/dist-packages/nodes/msg/__init__.py
Symlinking /home/eduponz/B212_P1_ROB16/devel/lib/python2.7/dist-packages/nodes/msg/_PointStamped.py
Symlinking /home/eduponz/B212_P1_ROB16/devel/lib/python2.7/dist-packages/nodes/msg/_Point.py
Symlinking /home/eduponz/B212_P1_ROB16/devel/include/nodes/Point.h
Symlinking /home/eduponz/B212_P1_ROB16/devel/include/nodes/PointStamped.h
